#
# A fatal error has been detected by the Java Runtime Environment:
#
#  Internal Error (sharedRuntime.cpp:532), pid=24682, tid=9987
#  Error: ShouldNotReachHere()
#
# JRE version: OpenJDK Runtime Environment Zulu16.30+15-CA (16.0.1+9) (build 16.0.1+9)
# Java VM: OpenJDK 64-Bit Server VM Zulu16.30+15-CA (16.0.1+9, mixed mode, tiered, compressed oops, compressed class ptrs, parallel gc, bsd-aarch64)
# No core dump will be written. Core dumps have been disabled. To enable core dumping, try "ulimit -c unlimited" before starting Java again
#
# If you would like to submit a bug report, please visit:
#   http://www.azulsystems.com/support/
#

---------------  S U M M A R Y ------------

Command Line: --add-modules=ALL-SYSTEM --add-opens=java.base/java.util=ALL-UNNAMED --add-opens=java.base/java.lang=ALL-UNNAMED -Declipse.application=org.eclipse.jdt.ls.core.id1 -Dosgi.bundles.defaultStartLevel=4 -Declipse.product=org.eclipse.jdt.ls.core.product -Dfile.encoding=utf8 -XX:+UseParallelGC -XX:GCTimeRatio=4 -XX:AdaptiveSizePolicyWeight=90 -Dsun.zip.disableMemoryMapping=true -Xmx1G -Xms100m /Users/davidmeade/.vscode/extensions/redhat.java-0.78.0/server/plugins/org.eclipse.equinox.launcher_1.6.100.v20201223-0822.jar -configuration /Users/davidmeade/Library/Application Support/Code/User/globalStorage/redhat.java/0.78.0/config_ss_mac -data /Users/davidmeade/Library/Application Support/Code/User/workspaceStorage/63613fa852ddc3ba0ff348a5213cd639/redhat.java/ss_ws

Host: MacBookPro17,1 arm64 1 MHz, 8 cores, 16G, Darwin 20.5.0, macOS 11.4 (20F71)
Time: Wed Jun  9 03:17:45 2021 EDT elapsed time: 0.362246 seconds (0d 0h 0m 0s)

---------------  T H R E A D  ---------------

Current thread (0x000000010e009000):  JavaThread "main" [_thread_in_Java, id=9987, stack(0x000000016f460000,0x000000016f663000)]

Stack: [0x000000016f460000,0x000000016f663000],  sp=0x000000016f662280,  free space=2056k
Native frames: (J=compiled Java code, A=aot compiled Java code, j=interpreted, Vv=VM code, C=native code)
V  [libjvm.dylib+0x9abf04]  VMError::report_and_die(int, char const*, char const*, char*, Thread*, unsigned char*, void*, void*, char const*, int, unsigned long)+0x46c
V  [libjvm.dylib+0x9ac658]  VMError::report_and_die(Thread*, void*, char const*, int, char const*, char const*, char*)+0x40
V  [libjvm.dylib+0x2a9ab0]  report_vm_error(char const*, int, char const*, char const*, ...)+0x5c
V  [libjvm.dylib+0x2a9c84]  report_should_not_reach_here(char const*, int)+0x2c
V  [libjvm.dylib+0x81380c]  SharedRuntime::raw_exception_handler_for_return_address(JavaThread*, unsigned char*)+0x178
V  [libjvm.dylib+0x8138b0]  SharedRuntime::exception_handler_for_return_address(JavaThread*, unsigned char*)+0x28
v  ~StubRoutines::forward exception
j  java.io.FileInputStream.open(Ljava/lang/String;)V+2 java.base@16.0.1
j  java.io.FileInputStream.<init>(Ljava/io/File;)V+96 java.base@16.0.1
j  java.io.FileInputStream.<init>(Ljava/lang/String;)V+17 java.base@16.0.1
j  sun.net.www.protocol.file.FileURLConnection.connect()V+102 java.base@16.0.1
j  sun.net.www.protocol.file.FileURLConnection.getInputStream()Ljava/io/InputStream;+1 java.base@16.0.1
j  java.net.URL.openStream()Ljava/io/InputStream;+4 java.base@16.0.1
j  org.eclipse.equinox.launcher.Main.getStream(Ljava/net/URL;)Ljava/io/InputStream;+42
j  org.eclipse.equinox.launcher.Main.load(Ljava/net/URL;Ljava/lang/String;)Ljava/util/Properties;+71
j  org.eclipse.equinox.launcher.Main.loadProperties(Ljava/net/URL;)Ljava/util/Properties;+13
j  org.eclipse.equinox.launcher.Main.loadConfiguration(Ljava/net/URL;)Ljava/util/Properties;+51
j  org.eclipse.equinox.launcher.Main.processConfiguration()V+272
j  org.eclipse.equinox.launcher.Main.basicRun([Ljava/lang/String;)V+53
j  org.eclipse.equinox.launcher.Main.run([Ljava/lang/String;)I+4
j  org.eclipse.equinox.launcher.Main.main([Ljava/lang/String;)V+10
v  ~StubRoutines::call_stub
V  [libjvm.dylib+0x43f6b8]  JavaCalls::call_helper(JavaValue*, methodHandle const&, JavaCallArguments*, Thread*)+0x30c
V  [libjvm.dylib+0x4a10fc]  jni_invoke_static(JNIEnv_*, JavaValue*, _jobject*, JNICallType, _jmethodID*, JNI_ArgumentPusher*, Thread*)+0x120
V  [libjvm.dylib+0x4a4510]  jni_CallStaticVoidMethod+0x120
C  [libjli.dylib+0x5430]  JavaMain+0x9d4
C  [libjli.dylib+0x778c]  ThreadJavaMain+0xc
C  [libsystem_pthread.dylib+0x7878]  _pthread_start+0x140


---------------  P R O C E S S  ---------------

Threads class SMR info:
_java_thread_list=0x0000000100c17720, length=11, elements={
0x000000010e009000, 0x000000011d813800, 0x000000010d808800, 0x000000011f80e400,
0x000000011f819800, 0x000000010d812400, 0x000000010980f400, 0x000000011e80aa00,
0x000000010d812a00, 0x000000011f008800, 0x000000011f810c00
}

Java Threads: ( => current thread )
=>0x000000010e009000 JavaThread "main" [_thread_in_Java, id=9987, stack(0x000000016f460000,0x000000016f663000)]
  0x000000011d813800 JavaThread "Reference Handler" daemon [_thread_blocked, id=13315, stack(0x000000016fa84000,0x000000016fc87000)]
  0x000000010d808800 JavaThread "Finalizer" daemon [_thread_blocked, id=13571, stack(0x000000016fc90000,0x000000016fe93000)]
  0x000000011f80e400 JavaThread "Signal Dispatcher" daemon [_thread_blocked, id=16387, stack(0x0000000170040000,0x0000000170243000)]
  0x000000011f819800 JavaThread "Service Thread" daemon [_thread_blocked, id=16131, stack(0x000000017024c000,0x000000017044f000)]
  0x000000010d812400 JavaThread "Monitor Deflation Thread" daemon [_thread_blocked, id=15107, stack(0x0000000170458000,0x000000017065b000)]
  0x000000010980f400 JavaThread "C2 CompilerThread0" daemon [_thread_blocked, id=15363, stack(0x0000000170664000,0x0000000170867000)]
  0x000000011e80aa00 JavaThread "C1 CompilerThread0" daemon [_thread_blocked, id=43267, stack(0x0000000170870000,0x0000000170a73000)]
  0x000000010d812a00 JavaThread "Sweeper thread" daemon [_thread_blocked, id=22275, stack(0x0000000170a7c000,0x0000000170c7f000)]
  0x000000011f008800 JavaThread "Common-Cleaner" daemon [_thread_blocked, id=22531, stack(0x0000000170c88000,0x0000000170e8b000)]
  0x000000011f810c00 JavaThread "Notification Thread" daemon [_thread_blocked, id=42755, stack(0x0000000170e94000,0x0000000171097000)]

Other Threads:
  0x000000011d61c8e0 VMThread "VM Thread" [stack: 0x000000016f878000,0x000000016fa7b000] [id=12803]
  0x000000011d62fd30 WatcherThread [stack: 0x00000001710a0000,0x00000001712a3000] [id=23043]
  0x000000011d705770 GCTaskThread "GC Thread#0" [stack: 0x000000016f66c000,0x000000016f86f000] [id=11779]

Threads with active compile tasks:

VM state: not at safepoint (normal execution)

VM Mutex/Monitor currently owned by a thread: None

Heap address: 0x0000000780000000, size: 1024 MB, Compressed Oops mode: Zero based, Oop shift amount: 3

Compressed class space mapped at: 0x0000000300000000-0x0000000340000000, reserved size: 1073741824
Narrow klass base: 0x0000000000000000, Narrow klass shift: 3, Narrow klass range: 0x340000000

GC Precious Log:
 CPUs: 8 total, 8 available
 Memory: 16384M
 Large Page Support: Disabled
 NUMA Support: Disabled
 Compressed Oops: Enabled (Zero based)
 Alignments: Space 512K, Generation 512K, Heap 8M
 Heap Min Capacity: 104M
 Heap Initial Capacity: 104M
 Heap Max Capacity: 1G
 Pre-touch: Disabled
 Parallel Workers: 8

Heap:
 PSYoungGen      total 31232K, used 4938K [0x00000007aab00000, 0x00000007acd80000, 0x00000007c0000000)
  eden space 27136K, 18% used [0x00000007aab00000,0x00000007aafd2950,0x00000007ac580000)
  from space 4096K, 0% used [0x00000007ac980000,0x00000007ac980000,0x00000007acd80000)
  to   space 4096K, 0% used [0x00000007ac580000,0x00000007ac580000,0x00000007ac980000)
 ParOldGen       total 71168K, used 0K [0x0000000780000000, 0x0000000784580000, 0x00000007aab00000)
  object space 71168K, 0% used [0x0000000780000000,0x0000000780000000,0x0000000784580000)
 Metaspace       used 8773K, committed 9024K, reserved 1064960K
  class space    used 764K, committed 896K, reserved 1048576K

Card table byte_map: [0x0000000106064000,0x0000000106268000] _byte_map_base: 0x0000000102464000

Marking Bits: (ParMarkBitMap*) 0x0000000105ba4a78
 Begin Bits: [0x00000001063c0000, 0x00000001073c0000)
 End Bits:   [0x00000001073c0000, 0x00000001083c0000)

Polling page: 0x0000000100abc000

Metaspace:

Usage:
  Non-class:      7.82 MB used.
      Class:    764.80 KB used.
       Both:      8.57 MB used.

Virtual space:
  Non-class space:       16.00 MB reserved,       7.94 MB ( 50%) committed,  2 nodes.
      Class space:        1.00 GB reserved,     896.00 KB ( <1%) committed,  1 nodes.
              Both:        1.02 GB reserved,       8.81 MB ( <1%) committed. 

Chunk freelists:
   Non-Class:  3.92 MB
       Class:  3.12 MB
        Both:  7.04 MB

MaxMetaspaceSize: 17179869184.00 GB
CompressedClassSpaceSize: 1.00 GB
 - commit_granule_bytes: 65536.
 - commit_granule_words: 8192.
 - virtual_space_node_default_size: 1048576.
 - enlarge_chunks_in_place: 1.
 - new_chunks_are_fully_committed: 0.
 - uncommit_free_chunks: 1.
 - use_allocation_guard: 0.
 - handle_deallocations: 1.


Internal statistics:

num_allocs_failed_limit: 0.
num_arena_births: 48.
num_arena_deaths: 0.
num_vsnodes_births: 3.
num_vsnodes_deaths: 0.
num_space_committed: 141.
num_space_uncommitted: 0.
num_chunks_returned_to_freelist: 0.
num_chunks_taken_from_freelist: 67.
num_chunk_merges: 0.
num_chunk_splits: 41.
num_chunks_enlarged: 28.
num_purges: 0.

CodeHeap 'non-profiled nmethods': size=120032Kb used=107Kb max_used=107Kb free=119924Kb
 bounds [0x00000001402bc000, 0x000000014052c000, 0x00000001477f4000]
CodeHeap 'profiled nmethods': size=120016Kb used=520Kb max_used=520Kb free=119495Kb
 bounds [0x0000000138d88000, 0x0000000138ff8000, 0x00000001402bc000]
CodeHeap 'non-nmethods': size=5712Kb used=1075Kb max_used=1103Kb free=4636Kb
 bounds [0x00000001387f4000, 0x0000000138a64000, 0x0000000138d88000]
 total_blobs=738 nmethods=360 adapters=297
 compilation: enabled
              stopped_count=0, restarted_count=0
 full_count=0

Compilation events (20 events):
Event: 0.356 Thread 0x000000011e80aa00 nmethod 342 0x0000000138e06b90 code [0x0000000138e06d40, 0x0000000138e06fa8]
Event: 0.356 Thread 0x000000011e80aa00  347       1       java.security.Provider$UString::toString (5 bytes)
Event: 0.356 Thread 0x000000011e80aa00 nmethod 347 0x00000001402d4390 code [0x00000001402d4500, 0x00000001402d45e8]
Event: 0.356 Thread 0x000000011e80aa00  355       3       sun.security.provider.ByteArrayAccess::b2iBig64 (614 bytes)
Event: 0.357 Thread 0x000000011e80aa00 nmethod 355 0x0000000138e07090 code [0x0000000138e07340, 0x0000000138e08158]
Event: 0.357 Thread 0x000000011e80aa00  356       3       sun.security.provider.SHA2::implCompress (13 bytes)
Event: 0.357 Thread 0x000000011e80aa00 nmethod 356 0x0000000138e08690 code [0x0000000138e08880, 0x0000000138e08c38]
Event: 0.357 Thread 0x000000011e80aa00  357       3       sun.security.provider.SHA2::implCompressCheck (15 bytes)
Event: 0.357 Thread 0x000000011e80aa00 nmethod 357 0x0000000138e08e10 code [0x0000000138e09000, 0x0000000138e092c8]
Event: 0.357 Thread 0x000000011e80aa00  349       1       java.security.Provider$Service::getProvider (5 bytes)
Event: 0.357 Thread 0x000000011e80aa00 nmethod 349 0x00000001402d4690 code [0x00000001402d4800, 0x00000001402d48e8]
Event: 0.357 Thread 0x000000011e80aa00  350       1       java.util.Collections$EmptyIterator::hasNext (2 bytes)
Event: 0.357 Thread 0x000000011e80aa00 nmethod 350 0x00000001402d4990 code [0x00000001402d4b00, 0x00000001402d4be8]
Event: 0.357 Thread 0x000000011e80aa00  353       1       java.util.ArrayList::size (5 bytes)
Event: 0.357 Thread 0x000000011e80aa00 nmethod 353 0x00000001402d4c90 code [0x00000001402d4e00, 0x00000001402d4ee8]
Event: 0.357 Thread 0x000000011e80aa00  351       1       java.security.Provider$Service::getClassName (5 bytes)
Event: 0.357 Thread 0x000000011e80aa00 nmethod 351 0x00000001402d4f90 code [0x00000001402d5100, 0x00000001402d51e8]
Event: 0.357 Thread 0x000000010980f400 nmethod 348 0x00000001402d5290 code [0x00000001402d5480, 0x00000001402d57e0]
Event: 0.357 Thread 0x000000010980f400  358 %     4       sun.security.provider.SHA2::implCompress0 @ 196 (466 bytes)
Event: 0.362 Thread 0x000000011e80aa00  360       3       java.lang.String::startsWith (138 bytes)

GC Heap History (0 events):
No events

Deoptimization events (4 events):
Event: 0.288 Thread 0x000000010e009000 Uncommon trap: trap_request=0xffffff45 fr.pc=0x00000001402caabc relative=0x000000000000057c
Event: 0.288 Thread 0x000000010e009000 Uncommon trap: reason=unstable_if action=reinterpret pc=0x00000001402caabc method=java.util.HashMap.putVal(ILjava/lang/Object;Ljava/lang/Object;ZZ)Ljava/lang/Object; @ 181 c2
Event: 0.288 Thread 0x000000010e009000 DEOPT PACKING pc=0x00000001402caabc sp=0x000000016f6615d0
Event: 0.288 Thread 0x000000010e009000 DEOPT UNPACKING pc=0x000000013882dd9c sp=0x000000016f661510 mode 2

Classes unloaded (0 events):
No events

Classes redefined (0 events):
No events

Internal exceptions (17 events):
Event: 0.148 Thread 0x000000010e009000 Exception <a 'java/lang/NoSuchMethodError'{0x00000007aab7cec8}: 'int java.lang.invoke.DirectMethodHandle$Holder.invokeStatic(java.lang.Object, java.lang.Object)'> (0x00000007aab7cec8) 
thrown [src/hotspot/share/interpreter/linkResolver.cpp, line 790]
Event: 0.149 Thread 0x000000010e009000 Exception <a 'java/lang/NoSuchMethodError'{0x00000007aab86358}: 'java.lang.Object java.lang.invoke.Invokers$Holder.invokeExact_MT(java.lang.Object, java.lang.Object, java.lang.Object, java.lang.Object, java.lang.Object, java.lang.Object, java.lang.Object, java.lang.Object)'> (0x00000007aab86358) 
thrown [src/hotspot/share/interpreter/linkResolver.cpp, line 790]
Event: 0.153 Thread 0x000000010e009000 Exception <a 'java/lang/NoSuchMethodError'{0x00000007aac1a200}: 'java.lang.Object java.lang.invoke.DirectMethodHandle$Holder.invokeStatic(java.lang.Object, java.lang.Object, java.lang.Object)'> (0x00000007aac1a200) 
thrown [src/hotspot/share/interpreter/linkResolver.cpp, line 790]
Event: 0.154 Thread 0x000000010e009000 Exception <a 'java/lang/NoSuchMethodError'{0x00000007aac22d60}: 'java.lang.Object java.lang.invoke.DirectMethodHandle$Holder.getReference(java.lang.Object, java.lang.Object)'> (0x00000007aac22d60) 
thrown [src/hotspot/share/interpreter/linkResolver.cpp, line 790]
Event: 0.155 Thread 0x000000010e009000 Exception <a 'java/lang/NoSuchMethodError'{0x00000007aac27118}: 'java.lang.Object java.lang.invoke.LambdaForm$Holder.identity_L(java.lang.Object, java.lang.Object)'> (0x00000007aac27118) 
thrown [src/hotspot/share/interpreter/linkResolver.cpp, line 790]
Event: 0.156 Thread 0x000000010e009000 Exception <a 'java/lang/NoSuchMethodError'{0x00000007aac2a058}: 'java.lang.Object java.lang.invoke.LambdaForm$Holder.zero_L(java.lang.Object)'> (0x00000007aac2a058) 
thrown [src/hotspot/share/interpreter/linkResolver.cpp, line 790]
Event: 0.158 Thread 0x000000010e009000 Exception <a 'java/lang/NoSuchMethodError'{0x00000007aac31668}: 'java.lang.Object java.lang.invoke.DirectMethodHandle$Holder.invokeSpecial(java.lang.Object, java.lang.Object)'> (0x00000007aac31668) 
thrown [src/hotspot/share/interpreter/linkResolver.cpp, line 790]
Event: 0.158 Thread 0x000000010e009000 Exception <a 'java/lang/NoSuchMethodError'{0x00000007aac34ca0}: 'java.lang.Object java.lang.invoke.Invokers$Holder.linkToTargetMethod(java.lang.Object)'> (0x00000007aac34ca0) 
thrown [src/hotspot/share/interpreter/linkResolver.cpp, line 790]
Event: 0.160 Thread 0x000000010e009000 Exception <a 'java/lang/NoSuchMethodError'{0x00000007aac41d90}: 'java.lang.Object java.lang.invoke.DirectMethodHandle$Holder.newInvokeSpecial(java.lang.Object, java.lang.Object)'> (0x00000007aac41d90) 
thrown [src/hotspot/share/interpreter/linkResolver.cpp, line 790]
Event: 0.160 Thread 0x000000010e009000 Exception <a 'java/lang/NoSuchMethodError'{0x00000007aac45ab8}: 'java.lang.Object java.lang.invoke.DirectMethodHandle$Holder.invokeSpecial(java.lang.Object, java.lang.Object, java.lang.Object)'> (0x00000007aac45ab8) 
thrown [src/hotspot/share/interpreter/linkResolver.cpp, line 790]
Event: 0.161 Thread 0x000000010e009000 Exception <a 'java/lang/NoSuchMethodError'{0x00000007aac48fa0}: 'java.lang.Object java.lang.invoke.Invokers$Holder.linkToTargetMethod(java.lang.Object, java.lang.Object)'> (0x00000007aac48fa0) 
thrown [src/hotspot/share/interpreter/linkResolver.cpp, line 790]
Event: 0.161 Thread 0x000000010e009000 Exception <a 'java/lang/NoSuchMethodError'{0x00000007aac4c608}: 'java.lang.Object java.lang.invoke.DirectMethodHandle$Holder.invokeVirtual(java.lang.Object, java.lang.Object)'> (0x00000007aac4c608) 
thrown [src/hotspot/share/interpreter/linkResolver.cpp, line 790]
Event: 0.162 Thread 0x000000010e009000 Exception <a 'java/lang/NoSuchMethodError'{0x00000007aac53928}: 'java.lang.Object java.lang.invoke.DirectMethodHandle$Holder.newInvokeSpecial(java.lang.Object)'> (0x00000007aac53928) 
thrown [src/hotspot/share/interpreter/linkResolver.cpp, line 790]
Event: 0.163 Thread 0x000000010e009000 Exception <a 'java/lang/NoSuchMethodError'{0x00000007aac59618}: 'int java.lang.invoke.DirectMethodHandle$Holder.invokeInterface(java.lang.Object, java.lang.Object, java.lang.Object)'> (0x00000007aac59618) 
thrown [src/hotspot/share/interpreter/linkResolver.cpp, line 790]
Event: 0.164 Thread 0x000000010e009000 Exception <a 'java/lang/NoSuchMethodError'{0x00000007aac625c8}: 'java.lang.Object java.lang.invoke.DirectMethodHandle$Holder.invokeStatic(java.lang.Object, java.lang.Object)'> (0x00000007aac625c8) 
thrown [src/hotspot/share/interpreter/linkResolver.cpp, line 790]
Event: 0.168 Thread 0x000000010e009000 Exception <a 'java/lang/NoSuchMethodError'{0x00000007aac6b468}: 'int java.lang.invoke.DirectMethodHandle$Holder.invokeSpecial(java.lang.Object, java.lang.Object)'> (0x00000007aac6b468) 
thrown [src/hotspot/share/interpreter/linkResolver.cpp, line 790]
Event: 0.362 Thread 0x000000010e009000 Exception <a 'java/io/FileNotFoundException'{0x00000007aaf9dbe0}> (0x00000007aaf9dbe0) 
thrown [src/hotspot/share/prims/jni.cpp, line 579]

Events (20 events):
Event: 0.361 loading class java/util/concurrent/ConcurrentHashMap$KeySetView
Event: 0.361 loading class java/util/concurrent/ConcurrentHashMap$KeySetView done
Event: 0.361 loading class java/util/Collections$3
Event: 0.361 loading class java/util/Collections$3 done
Event: 0.361 loading class java/util/concurrent/ConcurrentHashMap$KeyIterator
Event: 0.361 loading class java/util/concurrent/ConcurrentHashMap$KeyIterator done
Event: 0.361 loading class java/net/URLDecoder
Event: 0.361 loading class java/net/URLDecoder done
Event: 0.361 loading class java/net/URLEncoder
Event: 0.361 loading class java/net/URLEncoder done
Event: 0.361 loading class java/util/BitSet
Event: 0.361 loading class java/util/BitSet done
Event: 0.361 loading class sun/net/www/protocol/file/FileURLConnection
Event: 0.361 loading class sun/net/www/URLConnection
Event: 0.361 loading class java/net/URLConnection
Event: 0.362 loading class java/net/URLConnection done
Event: 0.362 loading class sun/net/www/URLConnection done
Event: 0.362 loading class sun/net/www/protocol/file/FileURLConnection done
Event: 0.362 loading class sun/net/www/MessageHeader
Event: 0.362 loading class sun/net/www/MessageHeader done


Dynamic libraries:
0x000000019f3e9000 	/usr/lib/libz.1.dylib
0x0000000100a5c000 	/Library/Java/JavaVirtualMachines/zulu-16.jdk/Contents/Home/lib/libjli.dylib
0x00000001a98f3000 	/System/Library/Frameworks/Cocoa.framework/Versions/A/Cocoa
0x0000000197836000 	/System/Library/Frameworks/Security.framework/Versions/A/Security
0x00000001a7c61000 	/System/Library/Frameworks/ApplicationServices.framework/Versions/A/ApplicationServices
0x000000019f48f000 	/usr/lib/libSystem.B.dylib
0x000000019f489000 	/usr/lib/system/libcache.dylib
0x000000019f448000 	/usr/lib/system/libcommonCrypto.dylib
0x000000019f472000 	/usr/lib/system/libcompiler_rt.dylib
0x000000019f469000 	/usr/lib/system/libcopyfile.dylib
0x00000001957ac000 	/usr/lib/system/libcorecrypto.dylib
0x000000019584c000 	/usr/lib/system/libdispatch.dylib
0x0000000195a05000 	/usr/lib/system/libdyld.dylib
0x000000019f47f000 	/usr/lib/system/libkeymgr.dylib
0x00000001a28b0000 	/usr/lib/system/liblaunch.dylib
0x000000019f42a000 	/usr/lib/system/libmacho.dylib
0x000000019ec9c000 	/usr/lib/system/libquarantine.dylib
0x000000019f47c000 	/usr/lib/system/libremovefile.dylib
0x000000019a292000 	/usr/lib/system/libsystem_asl.dylib
0x000000019575a000 	/usr/lib/system/libsystem_blocks.dylib
0x00000001958ce000 	/usr/lib/system/libsystem_c.dylib
0x000000019f476000 	/usr/lib/system/libsystem_collections.dylib
0x000000019e2d6000 	/usr/lib/system/libsystem_configuration.dylib
0x000000019d659000 	/usr/lib/system/libsystem_containermanager.dylib
0x000000019f1ff000 	/usr/lib/system/libsystem_coreservices.dylib
0x0000000197e0d000 	/usr/lib/system/libsystem_darwin.dylib
0x000000019f480000 	/usr/lib/system/libsystem_dnssd.dylib
0x00000001958cb000 	/usr/lib/system/libsystem_featureflags.dylib
0x0000000195a4e000 	/usr/lib/system/libsystem_info.dylib
0x000000019f3fb000 	/usr/lib/system/libsystem_m.dylib
0x0000000195820000 	/usr/lib/system/libsystem_malloc.dylib
0x000000019a22d000 	/usr/lib/system/libsystem_networkextension.dylib
0x0000000198250000 	/usr/lib/system/libsystem_notify.dylib
0x00000001a4d5e000 	/usr/lib/system/libsystem_product_info_filter.dylib
0x000000019e2db000 	/usr/lib/system/libsystem_sandbox.dylib
0x000000019f479000 	/usr/lib/system/libsystem_secinit.dylib
0x00000001959c4000 	/usr/lib/system/libsystem_kernel.dylib
0x0000000195a47000 	/usr/lib/system/libsystem_platform.dylib
0x00000001959f8000 	/usr/lib/system/libsystem_pthread.dylib
0x000000019b7ff000 	/usr/lib/system/libsystem_symptoms.dylib
0x0000000195794000 	/usr/lib/system/libsystem_trace.dylib
0x000000019f456000 	/usr/lib/system/libunwind.dylib
0x000000019575c000 	/usr/lib/system/libxpc.dylib
0x00000001959ac000 	/usr/lib/libc++abi.dylib
0x0000000195891000 	/usr/lib/libobjc.A.dylib
0x000000019f461000 	/usr/lib/liboah.dylib
0x0000000195950000 	/usr/lib/libc++.1.dylib
0x0000000195a7a000 	/System/Library/Frameworks/CoreFoundation.framework/Versions/A/CoreFoundation
0x0000000196841000 	/System/Library/Frameworks/Foundation.framework/Versions/C/Foundation
0x00000001982aa000 	/System/Library/Frameworks/AppKit.framework/Versions/C/AppKit
0x000000019b0c8000 	/System/Library/Frameworks/CoreData.framework/Versions/A/CoreData
0x0000000198fea000 	/System/Library/PrivateFrameworks/UIFoundation.framework/Versions/A/UIFoundation
0x00000001a4af0000 	/System/Library/PrivateFrameworks/RemoteViewServices.framework/Versions/A/RemoteViewServices
0x000000019dd0a000 	/System/Library/PrivateFrameworks/XCTTargetBootstrap.framework/Versions/A/XCTTargetBootstrap
0x00000001a0649000 	/usr/lib/libspindump.dylib
0x0000000199211000 	/System/Library/Frameworks/UniformTypeIdentifiers.framework/Versions/A/UniformTypeIdentifiers
0x000000019c2f2000 	/usr/lib/libapp_launch_measurement.dylib
0x000000019c2f5000 	/System/Library/PrivateFrameworks/CoreAutoLayout.framework/Versions/A/CoreAutoLayout
0x000000019d687000 	/System/Library/Frameworks/Metal.framework/Versions/A/Metal
0x000000019e2e6000 	/usr/lib/liblangid.dylib
0x000000019dd0e000 	/System/Library/PrivateFrameworks/CoreSVG.framework/Versions/A/CoreSVG
0x000000019a2c4000 	/System/Library/PrivateFrameworks/SkyLight.framework/Versions/A/SkyLight
0x000000019a62f000 	/System/Library/Frameworks/CoreGraphics.framework/Versions/A/CoreGraphics
0x00000001a5010000 	/System/Library/Frameworks/Accelerate.framework/Versions/A/Accelerate
0x00000001a00a3000 	/System/Library/PrivateFrameworks/IconServices.framework/Versions/A/IconServices
0x000000019d66b000 	/System/Library/Frameworks/IOSurface.framework/Versions/A/IOSurface
0x000000019b996000 	/usr/lib/libDiagnosticMessagesClient.dylib
0x000000019dcf2000 	/System/Library/PrivateFrameworks/DFRFoundation.framework/Versions/A/DFRFoundation
0x0000000197b9b000 	/usr/lib/libicucore.A.dylib
0x00000001a1b9a000 	/System/Library/Frameworks/AudioToolbox.framework/Versions/A/AudioToolbox
0x00000001a0daf000 	/System/Library/PrivateFrameworks/DataDetectorsCore.framework/Versions/A/DataDetectorsCore
0x000000019a23f000 	/usr/lib/libMobileGestalt.dylib
0x000000019d9e7000 	/System/Library/Frameworks/Carbon.framework/Versions/A/Frameworks/HIToolbox.framework/Versions/A/HIToolbox
0x000000019bd91000 	/System/Library/Frameworks/QuartzCore.framework/Versions/A/QuartzCore
0x00000001a4b28000 	/System/Library/Frameworks/Carbon.framework/Versions/A/Frameworks/SpeechRecognition.framework/Versions/A/SpeechRecognition
0x000000019c090000 	/System/Library/PrivateFrameworks/CoreUI.framework/Versions/A/CoreUI
0x000000019721b000 	/System/Library/Frameworks/CoreAudio.framework/Versions/A/CoreAudio
0x000000019ba7f000 	/System/Library/Frameworks/DiskArbitration.framework/Versions/A/DiskArbitration
0x00000001a09fc000 	/System/Library/PrivateFrameworks/MultitouchSupport.framework/Versions/A/MultitouchSupport
0x00000001a0da6000 	/System/Library/PrivateFrameworks/InternationalSupport.framework/Versions/A/InternationalSupport
0x000000019a23d000 	/usr/lib/libenergytrace.dylib
0x0000000198184000 	/System/Library/Frameworks/IOKit.framework/Versions/A/IOKit
0x00000001a4e53000 	/System/Library/Frameworks/CoreServices.framework/Versions/A/CoreServices
0x000000019c288000 	/System/Library/PrivateFrameworks/PerformanceAnalysis.framework/Versions/A/PerformanceAnalysis
0x00000001d79f4000 	/System/Library/Frameworks/OpenGL.framework/Versions/A/OpenGL
0x00000001a0e24000 	/System/Library/PrivateFrameworks/UserActivity.framework/Versions/A/UserActivity
0x000000019ac1d000 	/System/Library/Frameworks/ColorSync.framework/Versions/A/ColorSync
0x000000019df58000 	/System/Library/Frameworks/CoreImage.framework/Versions/A/CoreImage
0x000000019704b000 	/System/Library/Frameworks/CoreText.framework/Versions/A/CoreText
0x000000019dd39000 	/System/Library/Frameworks/ImageIO.framework/Versions/A/ImageIO
0x000000019f495000 	/System/Library/PrivateFrameworks/SoftLinking.framework/Versions/A/SoftLinking
0x000000019c338000 	/usr/lib/libxml2.2.dylib
0x000000019f715000 	/usr/lib/libcompression.dylib
0x00000001a0cf2000 	/System/Library/PrivateFrameworks/TextureIO.framework/Versions/A/TextureIO
0x000000019fe00000 	/usr/lib/libate.dylib
0x000000019fc49000 	/usr/lib/liblzma.5.dylib
0x0000000196556000 	/System/Library/Frameworks/SystemConfiguration.framework/Versions/A/SystemConfiguration
0x000000019f491000 	/usr/lib/libfakelink.dylib
0x0000000199da4000 	/System/Library/Frameworks/CFNetwork.framework/Versions/A/CFNetwork
0x000000019f5db000 	/usr/lib/libarchive.2.dylib
0x00000001965de000 	/usr/lib/libCRFSuite.dylib
0x000000019ecc6000 	/usr/lib/libbsm.0.dylib
0x000000019965b000 	/usr/lib/libnetwork.dylib
0x000000019f496000 	/usr/lib/libpcap.A.dylib
0x000000019b7f7000 	/usr/lib/libdns_services.dylib
0x000000019fc62000 	/usr/lib/libcoretls_cfhelpers.dylib
0x000000019f6e4000 	/usr/lib/libapple_nghttp2.dylib
0x000000019f430000 	/usr/lib/system/libkxld.dylib
0x000000019b488000 	/usr/lib/libsqlite3.dylib
0x000000019f1e2000 	/System/Library/PrivateFrameworks/AppleFSCompression.framework/Versions/A/AppleFSCompression
0x000000019ecaf000 	/usr/lib/libcoretls.dylib
0x000000019f710000 	/usr/lib/libpam.2.dylib
0x000000019fd49000 	/usr/lib/libxar.1.dylib
0x000000019e2e2000 	/System/Library/PrivateFrameworks/AppleSystemInfo.framework/Versions/A/AppleSystemInfo
0x000000019e8ff000 	/System/Library/PrivateFrameworks/IOMobileFramebuffer.framework/Versions/A/IOMobileFramebuffer
0x000000019f1f2000 	/usr/lib/libbz2.1.0.dylib
0x000000019f4d2000 	/usr/lib/libiconv.2.dylib
0x000000019f429000 	/usr/lib/libcharset.1.dylib
0x000000019c2c1000 	/System/Library/Frameworks/CoreServices.framework/Versions/A/Frameworks/FSEvents.framework/Versions/A/FSEvents
0x0000000197e18000 	/System/Library/Frameworks/CoreServices.framework/Versions/A/Frameworks/CarbonCore.framework/Versions/A/CarbonCore
0x000000019b9e5000 	/System/Library/Frameworks/CoreServices.framework/Versions/A/Frameworks/Metadata.framework/Versions/A/Metadata
0x000000019f204000 	/System/Library/Frameworks/CoreServices.framework/Versions/A/Frameworks/OSServices.framework/Versions/A/OSServices
0x000000019f64c000 	/System/Library/Frameworks/CoreServices.framework/Versions/A/Frameworks/SearchKit.framework/Versions/A/SearchKit
0x000000019b783000 	/System/Library/Frameworks/CoreServices.framework/Versions/A/Frameworks/AE.framework/Versions/A/AE
0x0000000195f29000 	/System/Library/Frameworks/CoreServices.framework/Versions/A/Frameworks/LaunchServices.framework/Versions/A/LaunchServices
0x000000019fbf6000 	/System/Library/Frameworks/CoreServices.framework/Versions/A/Frameworks/DictionaryServices.framework/Versions/A/DictionaryServices
0x000000019c2ce000 	/System/Library/Frameworks/CoreServices.framework/Versions/A/Frameworks/SharedFileList.framework/Versions/A/SharedFileList
0x000000019ec9f000 	/usr/lib/libCheckFix.dylib
0x000000019a2aa000 	/System/Library/PrivateFrameworks/TCC.framework/Versions/A/TCC
0x000000019e2e8000 	/System/Library/PrivateFrameworks/CoreNLP.framework/Versions/A/CoreNLP
0x000000019b999000 	/System/Library/PrivateFrameworks/MetadataUtilities.framework/Versions/A/MetadataUtilities
0x0000000196612000 	/usr/lib/libmecabra.dylib
0x000000019ef85000 	/System/Library/Frameworks/MLCompute.framework/Versions/A/MLCompute
0x000000019ecd7000 	/usr/lib/libmecab.dylib
0x000000019ed1d000 	/usr/lib/libgermantok.dylib
0x000000019f6bd000 	/usr/lib/libThaiTokenizer.dylib
0x000000019fd85000 	/usr/lib/libChineseTokenizer.dylib
0x000000019f70e000 	/System/Library/Frameworks/MetalPerformanceShaders.framework/Versions/A/MetalPerformanceShaders
0x000000019ba86000 	/System/Library/Frameworks/Accelerate.framework/Versions/A/Frameworks/vImage.framework/Versions/A/vImage
0x00000001a4e31000 	/System/Library/Frameworks/Accelerate.framework/Versions/A/Frameworks/vecLib.framework/Versions/A/vecLib
0x000000019fd90000 	/System/Library/Frameworks/Accelerate.framework/Versions/A/Frameworks/vecLib.framework/Versions/A/libvMisc.dylib
0x000000019e83d000 	/System/Library/Frameworks/Accelerate.framework/Versions/A/Frameworks/vecLib.framework/Versions/A/libvDSP.dylib
0x000000019623c000 	/System/Library/Frameworks/Accelerate.framework/Versions/A/Frameworks/vecLib.framework/Versions/A/libBLAS.dylib
0x000000019f739000 	/System/Library/Frameworks/Accelerate.framework/Versions/A/Frameworks/vecLib.framework/Versions/A/libLAPACK.dylib
0x000000019ed22000 	/System/Library/Frameworks/Accelerate.framework/Versions/A/Frameworks/vecLib.framework/Versions/A/libLinearAlgebra.dylib
0x000000019f6fb000 	/System/Library/Frameworks/Accelerate.framework/Versions/A/Frameworks/vecLib.framework/Versions/A/libSparseBLAS.dylib
0x000000019f734000 	/System/Library/Frameworks/Accelerate.framework/Versions/A/Frameworks/vecLib.framework/Versions/A/libQuadrature.dylib
0x000000019e37e000 	/System/Library/Frameworks/Accelerate.framework/Versions/A/Frameworks/vecLib.framework/Versions/A/libBNNS.dylib
0x00000001964f2000 	/System/Library/Frameworks/Accelerate.framework/Versions/A/Frameworks/vecLib.framework/Versions/A/libSparse.dylib
0x000000019e271000 	/System/Library/Frameworks/MetalPerformanceShaders.framework/Versions/A/Frameworks/MPSCore.framework/Versions/A/MPSCore
0x000000019f15a000 	/System/Library/Frameworks/MetalPerformanceShaders.framework/Versions/A/Frameworks/MPSImage.framework/Versions/A/MPSImage
0x000000019ed37000 	/System/Library/Frameworks/MetalPerformanceShaders.framework/Versions/A/Frameworks/MPSNeuralNetwork.framework/Versions/A/MPSNeuralNetwork
0x000000019f0d8000 	/System/Library/Frameworks/MetalPerformanceShaders.framework/Versions/A/Frameworks/MPSMatrix.framework/Versions/A/MPSMatrix
0x000000019ef3b000 	/System/Library/Frameworks/MetalPerformanceShaders.framework/Versions/A/Frameworks/MPSRayIntersector.framework/Versions/A/MPSRayIntersector
0x000000019f107000 	/System/Library/Frameworks/MetalPerformanceShaders.framework/Versions/A/Frameworks/MPSNDArray.framework/Versions/A/MPSNDArray
0x0000000196162000 	/System/Library/PrivateFrameworks/MetalTools.framework/Versions/A/MetalTools
0x000000019e2e0000 	/System/Library/PrivateFrameworks/AggregateDictionary.framework/Versions/A/AggregateDictionary
0x000000019b963000 	/System/Library/PrivateFrameworks/CoreAnalytics.framework/Versions/A/CoreAnalytics
0x000000019f6bf000 	/System/Library/PrivateFrameworks/AppleSauce.framework/Versions/A/AppleSauce
0x000000019d67d000 	/System/Library/PrivateFrameworks/IOAccelerator.framework/Versions/A/IOAccelerator
0x00000001d79e7000 	/System/Library/Frameworks/OpenGL.framework/Versions/A/Libraries/libCoreFSCache.dylib
0x0000000196bce000 	/System/Library/PrivateFrameworks/LanguageModeling.framework/Versions/A/LanguageModeling
0x000000019e8ec000 	/System/Library/PrivateFrameworks/CoreEmoji.framework/Versions/A/CoreEmoji
0x000000019e376000 	/System/Library/PrivateFrameworks/LinguisticData.framework/Versions/A/LinguisticData
0x00000001964a7000 	/System/Library/PrivateFrameworks/Lexicon.framework/Versions/A/Lexicon
0x000000019f5c8000 	/usr/lib/libcmph.dylib
0x000000019c2a1000 	/System/Library/Frameworks/OpenDirectory.framework/Versions/A/Frameworks/CFOpenDirectory.framework/Versions/A/CFOpenDirectory
0x000000019c293000 	/System/Library/Frameworks/OpenDirectory.framework/Versions/A/OpenDirectory
0x000000019fc64000 	/System/Library/PrivateFrameworks/APFS.framework/Versions/A/APFS
0x000000019ec08000 	/System/Library/Frameworks/SecurityFoundation.framework/Versions/A/SecurityFoundation
0x000000019fd57000 	/usr/lib/libutil.dylib
0x0000000198148000 	/System/Library/PrivateFrameworks/CoreServicesStore.framework/Versions/A/CoreServicesStore
0x000000019ec96000 	/System/Library/Frameworks/ServiceManagement.framework/Versions/A/ServiceManagement
0x000000019fd5b000 	/usr/lib/libxslt.1.dylib
0x000000019ec8c000 	/System/Library/PrivateFrameworks/BackgroundTaskManagement.framework/Versions/A/BackgroundTaskManagement
0x00000001a0c41000 	/System/Library/Frameworks/ImageIO.framework/Versions/A/Resources/libRadiance.dylib
0x00000001a0c4a000 	/System/Library/Frameworks/ImageIO.framework/Versions/A/Resources/libJPEG.dylib
0x00000001a0b99000 	/System/Library/Frameworks/ImageIO.framework/Versions/A/Resources/libPng.dylib
0x00000001a0bc0000 	/System/Library/Frameworks/ImageIO.framework/Versions/A/Resources/libTIFF.dylib
0x00000001a0c9b000 	/System/Library/Frameworks/ImageIO.framework/Versions/A/Resources/libGIF.dylib
0x00000001a0916000 	/System/Library/Frameworks/ImageIO.framework/Versions/A/Resources/libJP2.dylib
0x00000001a006d000 	/usr/lib/libexpat.1.dylib
0x00000001a08d2000 	/System/Library/PrivateFrameworks/AppleJPEG.framework/Versions/A/AppleJPEG
0x000000019d88e000 	/System/Library/PrivateFrameworks/FontServices.framework/libFontParser.dylib
0x000000019b735000 	/System/Library/PrivateFrameworks/RunningBoardServices.framework/Versions/A/RunningBoardServices
0x00000001a9e22000 	/System/Library/PrivateFrameworks/IOSurfaceAccelerator.framework/Versions/A/IOSurfaceAccelerator
0x00000001a09f8000 	/System/Library/PrivateFrameworks/WatchdogClient.framework/Versions/A/WatchdogClient
0x0000000196cbe000 	/System/Library/Frameworks/CoreDisplay.framework/Versions/A/CoreDisplay
0x000000019d796000 	/System/Library/Frameworks/CoreMedia.framework/Versions/A/CoreMedia
0x000000019c425000 	/System/Library/Frameworks/CoreVideo.framework/Versions/A/CoreVideo
0x00000001a0a35000 	/System/Library/Frameworks/VideoToolbox.framework/Versions/A/VideoToolbox
0x000000019b6b2000 	/System/Library/PrivateFrameworks/BaseBoard.framework/Versions/A/BaseBoard
0x00000001a01aa000 	/System/Library/PrivateFrameworks/PersistentConnection.framework/Versions/A/PersistentConnection
0x000000019b471000 	/System/Library/PrivateFrameworks/ProtocolBuffer.framework/Versions/A/ProtocolBuffer
0x000000019b69b000 	/System/Library/PrivateFrameworks/CommonUtilities.framework/Versions/A/CommonUtilities
0x00000001a0897000 	/System/Library/PrivateFrameworks/Bom.framework/Versions/A/Bom
0x00000001a0c3c000 	/System/Library/PrivateFrameworks/GPUWrangler.framework/Versions/A/GPUWrangler
0x00000001a0c1d000 	/System/Library/PrivateFrameworks/IOPresentment.framework/Versions/A/IOPresentment
0x00000001a0c44000 	/System/Library/PrivateFrameworks/DSExternalDisplay.framework/Versions/A/DSExternalDisplay
0x00000001a0ca0000 	/System/Library/PrivateFrameworks/CMCaptureCore.framework/Versions/A/CMCaptureCore
0x00000001a0632000 	/System/Library/PrivateFrameworks/AppServerSupport.framework/Versions/A/AppServerSupport
0x00000001a266a000 	/System/Library/PrivateFrameworks/perfdata.framework/Versions/A/perfdata
0x000000019ebf8000 	/System/Library/PrivateFrameworks/AssertionServices.framework/Versions/A/AssertionServices
0x0000000196de1000 	/System/Library/PrivateFrameworks/AudioToolboxCore.framework/Versions/A/AudioToolboxCore
0x000000019d776000 	/System/Library/PrivateFrameworks/caulk.framework/Versions/A/caulk
0x00000001b1438000 	/System/Library/PrivateFrameworks/SystemPolicy.framework/Versions/A/SystemPolicy
0x000000019fe92000 	/usr/lib/libIOReport.dylib
0x00000001a1f06000 	/usr/lib/libSMC.dylib
0x00000001a0b66000 	/usr/lib/libAudioToolboxUtility.dylib
0x00000001b1dbd000 	/usr/lib/libmis.dylib
0x00000001d7a49000 	/System/Library/Frameworks/OpenGL.framework/Versions/A/Libraries/libGLU.dylib
0x00000001d7a07000 	/System/Library/Frameworks/OpenGL.framework/Versions/A/Libraries/libGFXShared.dylib
0x00000001d7bef000 	/System/Library/Frameworks/OpenGL.framework/Versions/A/Libraries/libGL.dylib
0x00000001d7a10000 	/System/Library/Frameworks/OpenGL.framework/Versions/A/Libraries/libGLImage.dylib
0x00000001d7a04000 	/System/Library/Frameworks/OpenGL.framework/Versions/A/Libraries/libCVMSPluginSupport.dylib
0x00000001d79ee000 	/System/Library/Frameworks/OpenGL.framework/Versions/A/Libraries/libCoreVMClient.dylib
0x00000001a8966000 	/System/Library/PrivateFrameworks/ASEProcessing.framework/Versions/A/ASEProcessing
0x00000001a01d1000 	/System/Library/PrivateFrameworks/GraphVisualizer.framework/Versions/A/GraphVisualizer
0x00000001a01df000 	/System/Library/PrivateFrameworks/FaceCore.framework/Versions/A/FaceCore
0x00000001a05f2000 	/System/Library/PrivateFrameworks/OTSVG.framework/Versions/A/OTSVG
0x000000019c04e000 	/System/Library/Frameworks/ApplicationServices.framework/Versions/A/Frameworks/ATS.framework/Versions/A/Resources/libFontRegistry.dylib
0x00000001a063a000 	/System/Library/PrivateFrameworks/FontServices.framework/libhvf.dylib
0x00000001d7d8a000 	/System/Library/Frameworks/OpenCL.framework/Versions/A/OpenCL
0x00000001a0021000 	/System/Library/PrivateFrameworks/AppleVA.framework/Versions/A/AppleVA
0x00000001a1d52000 	/System/Library/Frameworks/ApplicationServices.framework/Versions/A/Frameworks/ATS.framework/Versions/A/ATS
0x00000001a2065000 	/System/Library/Frameworks/ApplicationServices.framework/Versions/A/Frameworks/ColorSyncLegacy.framework/Versions/A/ColorSyncLegacy
0x000000019ad13000 	/System/Library/Frameworks/ApplicationServices.framework/Versions/A/Frameworks/HIServices.framework/Versions/A/HIServices
0x00000001a2044000 	/System/Library/Frameworks/ApplicationServices.framework/Versions/A/Frameworks/LangAnalysis.framework/Versions/A/LangAnalysis
0x00000001a0caa000 	/System/Library/Frameworks/ApplicationServices.framework/Versions/A/Frameworks/PrintCore.framework/Versions/A/PrintCore
0x00000001a206d000 	/System/Library/Frameworks/ApplicationServices.framework/Versions/A/Frameworks/QD.framework/Versions/A/QD
0x00000001a1d3e000 	/System/Library/Frameworks/ApplicationServices.framework/Versions/A/Frameworks/SpeechSynthesis.framework/Versions/A/SpeechSynthesis
0x00000001a0c6b000 	/System/Library/Frameworks/ApplicationServices.framework/Versions/A/Frameworks/ATSUI.framework/Versions/A/ATSUI
0x00000001a1fe6000 	/usr/lib/libcups.2.dylib
0x00000001a2058000 	/System/Library/PrivateFrameworks/NetAuth.framework/Versions/A/NetAuth
0x00000001a2684000 	/System/Library/Frameworks/Kerberos.framework/Versions/A/Kerberos
0x00000001a2695000 	/System/Library/Frameworks/GSS.framework/Versions/A/GSS
0x00000001a1dc1000 	/usr/lib/libresolv.9.dylib
0x00000001a0650000 	/System/Library/PrivateFrameworks/Heimdal.framework/Versions/A/Heimdal
0x00000001a7f51000 	/System/Library/Frameworks/Kerberos.framework/Versions/A/Libraries/libHeimdalProxy.dylib
0x000000019b807000 	/System/Library/Frameworks/Network.framework/Versions/A/Network
0x00000001a0087000 	/usr/lib/libheimdal-asn1.dylib
0x00000001a26dd000 	/System/Library/PrivateFrameworks/CommonAuth.framework/Versions/A/CommonAuth
0x000000019c479000 	/System/Library/PrivateFrameworks/login.framework/Versions/A/Frameworks/loginsupport.framework/Versions/A/loginsupport
0x00000001a1cc3000 	/System/Library/PrivateFrameworks/AudioSession.framework/Versions/A/AudioSession
0x00000001a1d2b000 	/usr/lib/libAudioStatistics.dylib
0x00000001a0107000 	/System/Library/PrivateFrameworks/MediaExperience.framework/Versions/A/MediaExperience
0x00000001a1b64000 	/System/Library/PrivateFrameworks/AudioSession.framework/libSessionUtility.dylib
0x00000001a2676000 	/usr/lib/libperfcheck.dylib
0x00000001a2079000 	/System/Library/PrivateFrameworks/AudioResourceArbitration.framework/Versions/A/AudioResourceArbitration
0x00000001a0090000 	/System/Library/PrivateFrameworks/IconFoundation.framework/Versions/A/IconFoundation
0x00000001a4b18000 	/System/Library/PrivateFrameworks/SpeechRecognitionCore.framework/Versions/A/SpeechRecognitionCore
0x0000000105000000 	/Library/Java/JavaVirtualMachines/zulu-16.jdk/Contents/Home/lib/server/libjvm.dylib
0x0000000100aa8000 	/Library/Java/JavaVirtualMachines/zulu-16.jdk/Contents/Home/lib/libjimage.dylib
0x0000000100d40000 	/Library/Java/JavaVirtualMachines/zulu-16.jdk/Contents/Home/lib/libjava.dylib
0x0000000100d80000 	/Library/Java/JavaVirtualMachines/zulu-16.jdk/Contents/Home/lib/libnio.dylib
0x0000000100da0000 	/Library/Java/JavaVirtualMachines/zulu-16.jdk/Contents/Home/lib/libnet.dylib
0x0000000100dc4000 	/Library/Java/JavaVirtualMachines/zulu-16.jdk/Contents/Home/lib/libzip.dylib


VM Arguments:
jvm_args: --add-modules=ALL-SYSTEM --add-opens=java.base/java.util=ALL-UNNAMED --add-opens=java.base/java.lang=ALL-UNNAMED -Declipse.application=org.eclipse.jdt.ls.core.id1 -Dosgi.bundles.defaultStartLevel=4 -Declipse.product=org.eclipse.jdt.ls.core.product -Dfile.encoding=utf8 -XX:+UseParallelGC -XX:GCTimeRatio=4 -XX:AdaptiveSizePolicyWeight=90 -Dsun.zip.disableMemoryMapping=true -Xmx1G -Xms100m 
java_command: /Users/davidmeade/.vscode/extensions/redhat.java-0.78.0/server/plugins/org.eclipse.equinox.launcher_1.6.100.v20201223-0822.jar -configuration /Users/davidmeade/Library/Application Support/Code/User/globalStorage/redhat.java/0.78.0/config_ss_mac -data /Users/davidmeade/Library/Application Support/Code/User/workspaceStorage/63613fa852ddc3ba0ff348a5213cd639/redhat.java/ss_ws
java_class_path (initial): /Users/davidmeade/.vscode/extensions/redhat.java-0.78.0/server/plugins/org.eclipse.equinox.launcher_1.6.100.v20201223-0822.jar
Launcher Type: SUN_STANDARD

[Global flags]
    uintx AdaptiveSizePolicyWeight                 = 90                                        {product} {command line}
     intx CICompilerCount                          = 4                                         {product} {ergonomic}
    uintx GCTimeRatio                              = 4                                         {product} {command line}
   size_t InitialHeapSize                          = 109051904                                 {product} {command line, ergonomic}
   size_t MaxHeapSize                              = 1073741824                                {product} {command line}
   size_t MaxNewSize                               = 357564416                                 {product} {ergonomic}
   size_t MinHeapDeltaBytes                        = 524288                                    {product} {ergonomic}
   size_t MinHeapSize                              = 109051904                                 {product} {command line, ergonomic}
   size_t NewSize                                  = 36175872                                  {product} {ergonomic}
    uintx NonNMethodCodeHeapSize                   = 5839564                                {pd product} {ergonomic}
    uintx NonProfiledCodeHeapSize                  = 122909338                              {pd product} {ergonomic}
   size_t OldSize                                  = 72876032                                  {product} {ergonomic}
    uintx ProfiledCodeHeapSize                     = 122909338                              {pd product} {ergonomic}
    uintx ReservedCodeCacheSize                    = 251658240                              {pd product} {ergonomic}
     bool SegmentedCodeCache                       = true                                      {product} {ergonomic}
   size_t SoftMaxHeapSize                          = 1073741824                             {manageable} {ergonomic}
     bool UseCompressedClassPointers               = true                           {product lp64_product} {ergonomic}
     bool UseCompressedOops                        = true                           {product lp64_product} {ergonomic}
     bool UseNUMA                                  = false                                     {product} {ergonomic}
     bool UseNUMAInterleaving                      = false                                     {product} {ergonomic}
     bool UseParallelGC                            = true                                      {product} {command line}

Logging:
Log output configuration:
 #0: stdout all=warning uptime,level,tags
 #1: stderr all=off uptime,level,tags

Environment Variables:
PATH=/usr/local/bin:/usr/bin:/bin:/usr/sbin:/sbin:/Library/Apple/usr/bin
SHELL=/bin/zsh

Signal Handlers:
SIGSEGV: [libjvm.dylib+0x9ace24], sa_mask[0]=11100110000111110111111111111111, sa_flags=SA_ONSTACK|SA_RESTART|SA_SIGINFO
SIGBUS: [libjvm.dylib+0x9ace24], sa_mask[0]=11100110000111110111111111111111, sa_flags=SA_RESTART|SA_SIGINFO
SIGFPE: [libjvm.dylib+0x9ace24], sa_mask[0]=11100110000111110111111111111111, sa_flags=SA_RESTART|SA_SIGINFO
SIGPIPE: [libjvm.dylib+0x8964e0], sa_mask[0]=11100110000111110111111111111111, sa_flags=SA_RESTART|SA_SIGINFO
SIGXFSZ: [libjvm.dylib+0x8964e0], sa_mask[0]=11100110000111110111111111111111, sa_flags=SA_RESTART|SA_SIGINFO
SIGILL: [libjvm.dylib+0x9ace24], sa_mask[0]=11100110000111110111111111111111, sa_flags=SA_RESTART|SA_SIGINFO
SIGUSR2: [libjvm.dylib+0x896f18], sa_mask[0]=00000000000000000000000000000000, sa_flags=SA_RESTART|SA_SIGINFO
SIGHUP: [libjvm.dylib+0x895590], sa_mask[0]=11100110000111110111111111111111, sa_flags=SA_RESTART|SA_SIGINFO
SIGINT: [libjvm.dylib+0x895590], sa_mask[0]=11100110000111110111111111111111, sa_flags=SA_RESTART|SA_SIGINFO
SIGTERM: [libjvm.dylib+0x895590], sa_mask[0]=11100110000111110111111111111111, sa_flags=SA_RESTART|SA_SIGINFO
SIGQUIT: [libjvm.dylib+0x895590], sa_mask[0]=11100110000111110111111111111111, sa_flags=SA_RESTART|SA_SIGINFO
SIGTRAP: [libjvm.dylib+0x9ace24], sa_mask[0]=11100110000111110111111111111111, sa_flags=SA_RESTART|SA_SIGINFO


---------------  S Y S T E M  ---------------

OS:uname: Darwin 20.5.0 Darwin Kernel Version 20.5.0: Sat May  8 05:10:31 PDT 2021; root:xnu-7195.121.3~9/RELEASE_ARM64_T8101 arm64
OS uptime: 0 days 1:16 hours
rlimit (soft/hard): STACK 8176k/65520k , CORE 0k/infinity , NPROC 2666/4000 , NOFILE 10240/infinity , AS infinity/infinity , CPU infinity/infinity , DATA infinity/infinity , FSIZE infinity/infinity , MEMLOCK infinity/infinity , RSS infinity/infinity
load average: 2.33 2.65 4.46

CPU: total 8 (initial active 8) 0x61:0x0:0x1b588bb3:0, simd, crc, lse

Memory: 16k page, physical 16777216k(2638576k free), swap 0k(0k free)

vm_info: OpenJDK 64-Bit Server VM (16.0.1+9) for bsd-aarch64 JRE (16.0.1+9) (Zulu16.30+15-CA), built on Apr 20 2021 17:19:00 by "zulu_re" with clang Apple LLVM 12.0.0 (clang-1200.0.32.28)

END.
